### ISSUE TITLE
Invalid memory access caused by CPUBIT_SET macro

### ISSUE THREAD

**Issue by bernhardu** [lpereira/hardinfo#503]
I tried to investigate debian bug 947159 when I tried to run inside a minimal VM with valgrind.
There I got this output:
```
==7538== Invalid read of size 4
==7538==    at 0x11C7B9: cpu_procs_cores_threads (cpu_util.c:90)
==7538==    by 0x788C7FE: processor_describe_default (devices.c:147)
==7538==    by 0x788C415: get_processor_name_and_desc (devices.c:242)
==7538==    by 0x11AC9E: module_call_method (util.c:600)
==7538==    by 0x1259F4: shell_show_summary (shell.c:1758)
==7538==    by 0x1259F4: module_selected (shell.c:1861)
==7538==    by 0x50FFC8C: g_closure_invoke (in /usr/lib/x86_64-linux-gnu/libgobject-2.0.so.0.5800.3)
==7538==    by 0x5113364: ??? (in /usr/lib/x86_64-linux-gnu/libgobject-2.0.so.0.5800.3)
==7538==    by 0x511C2BD: g_signal_emit_valist (in /usr/lib/x86_64-linux-gnu/libgobject-2.0.so.0.5800.3)
==7538==    by 0x511C97E: g_signal_emit (in /usr/lib/x86_64-linux-gnu/libgobject-2.0.so.0.5800.3)
==7538==    by 0x4A66823: gtk_tree_selection_select_path (in /usr/lib/x86_64-linux-gnu/libgtk-x11-2.0.so.0.2400.32)
==7538==    by 0x4A66924: gtk_tree_selection_select_iter (in /usr/lib/x86_64-linux-gnu/libgtk-x11-2.0.so.0.2400.32)
==7538==    by 0x1219B6: select_first_tree_item (shell.c:711)
==7538==  Address 0x95e0de0 is 0 bytes after a block of size 4,096 alloc'd
==7538==    at 0x4837B65: calloc (vg_replace_malloc.c:752)
==7538==    by 0x11C22F: cpubits_from_str (cpubits.c:56)
==7538==    by 0x11C708: cpu_procs_cores_threads (cpu_util.c:82)
==7538==    by 0x788C7FE: processor_describe_default (devices.c:147)
==7538==    by 0x788C415: get_processor_name_and_desc (devices.c:242)
==7538==    by 0x11AC9E: module_call_method (util.c:600)
==7538==    by 0x1259F4: shell_show_summary (shell.c:1758)
==7538==    by 0x1259F4: module_selected (shell.c:1861)
==7538==    by 0x50FFC8C: g_closure_invoke (in /usr/lib/x86_64-linux-gnu/libgobject-2.0.so.0.5800.3)
==7538==    by 0x5113364: ??? (in /usr/lib/x86_64-linux-gnu/libgobject-2.0.so.0.5800.3)
==7538==    by 0x511C2BD: g_signal_emit_valist (in /usr/lib/x86_64-linux-gnu/libgobject-2.0.so.0.5800.3)
==7538==    by 0x511C97E: g_signal_emit (in /usr/lib/x86_64-linux-gnu/libgobject-2.0.so.0.5800.3)
==7538==    by 0x4A66823: gtk_tree_selection_select_path (in /usr/lib/x86_64-linux-gnu/libgtk-x11-2.0.so.0.2400.32)

(gdb) display/i $pc
1: x/i $pc
=> 0x11c7b9 <cpu_procs_cores_threads+281>:      or     %esi,(%r15,%rdx,4)
(gdb) print/x $r15
$1 = 0x95dfde0
(gdb) print/x $rdx
$2 = 0x400
(gdb) print cores
$3 = (cpubits *) 0x95dfde0
(gdb) print pack_id
$4 = 4
(gdb) print core_id
$5 = 0
```

After some time I think I found the issue. The BITS in macro CPUBIT_SET are not protected by 
brackets. Therefore the division by 32 is just applied to the core_id which is zero. Then basically cores[4*256] is accessed, which is just beyond the allocated memory.
```
cpubits.c:29:#define CPUBIT_SET(BITS, BIT) (BITS[BIT/32] |= (1 << BIT%32))
cpu_util.c:90:                  if (core_id >= 0) { CPUBIT_SET(cores, (pack_id * MAX_CORES_PER_PACK) + core_id ); }
```

Therefore I guess something like below should avoid that.
```
diff --git a/hardinfo/cpubits.c b/hardinfo/cpubits.c
index 7ab03be..b163c00 100644
--- a/hardinfo/cpubits.c
+++ b/hardinfo/cpubits.c
@@ -26,9 +26,9 @@ cpubits *cpubits_from_str(char *str);
 char *cpubits_to_str(cpubits *bits, char *str, int max_len);
 
 #define CPUBITS_SIZE 4096 /* bytes, multiple of sizeof(uint32_t) */
-#define CPUBIT_SET(BITS, BIT) (BITS[BIT/32] |= (1 << BIT%32))
-#define CPUBIT_GET(BITS, BIT) ((BITS[BIT/32] & (1 << BIT%32)) >> BIT%32)
-#define CPUBITS_CLEAR(BITS) memset(BITS, 0, CPUBITS_SIZE)
+#define CPUBIT_SET(BITS, BIT) ((BITS)[(BIT)/32] |= (1 << (BIT)%32))
+#define CPUBIT_GET(BITS, BIT) (((BITS)[(BIT)/32] & (1 << (BIT)%32)) >> (BIT)%32)
+#define CPUBITS_CLEAR(BITS) memset((BITS), 0, CPUBITS_SIZE)
 
 uint32_t cpubits_count(cpubits *b) {
     static const uint32_t max = CPUBITS_SIZE * 8;
```

**Comment by bp0** [comment]
Thanks, your patch is included in #505.
